#-----------------------------------------------------------
# xsim v2021.1 (64-bit)
# SW Build 3247384 on Thu Jun 10 19:36:07 MDT 2021
# IP Build 3246043 on Fri Jun 11 00:30:35 MDT 2021
# Start of session at: Tue Mar 15 22:05:02 2022
# Process ID: 14440
# Current directory: /work/arbiter-v3
# Command line: xsim -mode tcl -source {xsim.dir/work.tb/xsim_script.tcl}
# Log file: /work/arbiter-v3/xsim.log
# Journal file: /work/arbiter-v3/xsim.jou
#-----------------------------------------------------------
source xsim.dir/work.tb/xsim_script.tcl
# xsim {work.tb} -autoloadwcfg -runall
Time resolution is 1 ns
run -all
                   0:req = 0000,gnt=0000
                 155:req = 1000,gnt=1000
                 165:req = 1100,gnt=0100
                 175:req = 1111,gnt=1000
                 185:req = 1111,gnt=0001
                 195:req = 1111,gnt=0010
                 205:req = 1111,gnt=0100
                 215:req = 1111,gnt=1000
                 225:req = 1111,gnt=0001
                 235:req = 1111,gnt=0010
                 245:req = 1111,gnt=0100
                 255:req = 1111,gnt=1000
                 265:req = 1111,gnt=0001
                 275:req = 1111,gnt=0010
                 285:req = 0000,gnt=0000
                 295:req = 0001,gnt=0001
                 305:req = 0010,gnt=0010
                 315:req = 0011,gnt=0001
                 325:req = 0100,gnt=0100
                 335:req = 0101,gnt=0001
                 345:req = 0110,gnt=0010
                 355:req = 0111,gnt=0100
                 365:req = 1000,gnt=1000
                 375:req = 1001,gnt=0001
                 385:req = 1010,gnt=0010
                 395:req = 1011,gnt=1000
                 405:req = 1100,gnt=0100
                 415:req = 1101,gnt=1000
                 425:req = 1110,gnt=0010
$finish called at time : 435 ns : File "/work/arbiter-v3/tb.sv" Line 46
exit
INFO: [Common 17-206] Exiting xsim at Tue Mar 15 22:05:18 2022...
