#-----------------------------------------------------------
# Vivado v2021.1 (64-bit)
# SW Build 3247384 on Thu Jun 10 19:36:07 MDT 2021
# 
# Start of session at: Mon Aug  1 22:58:58 2022
# Process ID: 625
# Current directory: /work/constant_mult
# Command line: vivado -mode tcl -source cmd_synth.tcl
# Log file: /work/constant_mult/vivado.log
# Journal file: /work/constant_mult/vivado.jou
#-----------------------------------------------------------
source cmd_synth.tcl
# read_verilog -sv constant_mult.sv
# synth_design -top constant_mult -part xc7a100tcsg324-1
Command: synth_design -top constant_mult -part xc7a100tcsg324-1
Starting synth_design
Attempting to get a license for feature 'Synthesis' and/or device 'xc7a100t'
INFO: [Common 17-349] Got license for feature 'Synthesis' and/or device 'xc7a100t'
INFO: [Synth 8-7079] Multithreading enabled for synth_design using a maximum of 4 processes.
INFO: [Synth 8-7078] Launching helper process for spawning children vivado processes
INFO: [Synth 8-7075] Helper process launched with PID 632
---------------------------------------------------------------------------------
Starting Synthesize : Time (s): cpu = 00:00:05 ; elapsed = 00:00:06 . Memory (MB): peak = 2427.336 ; gain = 0.000 ; free physical = 801 ; free virtual = 3549
---------------------------------------------------------------------------------
INFO: [Synth 8-6157] synthesizing module 'constant_mult' [/work/constant_mult/constant_mult.sv:1]
INFO: [Synth 8-6155] done synthesizing module 'constant_mult' (1#1) [/work/constant_mult/constant_mult.sv:1]
---------------------------------------------------------------------------------
Finished Synthesize : Time (s): cpu = 00:00:06 ; elapsed = 00:00:08 . Memory (MB): peak = 2427.336 ; gain = 0.000 ; free physical = 495 ; free virtual = 3244
---------------------------------------------------------------------------------
---------------------------------------------------------------------------------
Finished Constraint Validation : Time (s): cpu = 00:00:07 ; elapsed = 00:00:08 . Memory (MB): peak = 2427.336 ; gain = 0.000 ; free physical = 1301 ; free virtual = 4050
---------------------------------------------------------------------------------
---------------------------------------------------------------------------------
Start Loading Part and Timing Information
---------------------------------------------------------------------------------
Loading part: xc7a100tcsg324-1
INFO: [Device 21-403] Loading part xc7a100tcsg324-1
---------------------------------------------------------------------------------
Finished Loading Part and Timing Information : Time (s): cpu = 00:00:07 ; elapsed = 00:00:09 . Memory (MB): peak = 2435.312 ; gain = 7.977 ; free physical = 1297 ; free virtual = 4046
---------------------------------------------------------------------------------
---------------------------------------------------------------------------------
Finished RTL Optimization Phase 2 : Time (s): cpu = 00:00:08 ; elapsed = 00:00:09 . Memory (MB): peak = 2435.312 ; gain = 7.977 ; free physical = 1300 ; free virtual = 4049
---------------------------------------------------------------------------------
No constraint files found.
---------------------------------------------------------------------------------
Start RTL Component Statistics 
---------------------------------------------------------------------------------
Detailed RTL Component Info : 
+---Adders : 
	   4 Input   38 Bit       Adders := 1     
---------------------------------------------------------------------------------
Finished RTL Component Statistics 
---------------------------------------------------------------------------------
---------------------------------------------------------------------------------
Start Part Resource Summary
---------------------------------------------------------------------------------
Part Resources:
DSPs: 240 (col length:80)
BRAMs: 270 (col length: RAMB18 80 RAMB36 40)
---------------------------------------------------------------------------------
Finished Part Resource Summary
---------------------------------------------------------------------------------
No constraint files found.
---------------------------------------------------------------------------------
Start Cross Boundary and Area Optimization
---------------------------------------------------------------------------------
---------------------------------------------------------------------------------
Finished Cross Boundary and Area Optimization : Time (s): cpu = 00:00:14 ; elapsed = 00:00:17 . Memory (MB): peak = 2435.312 ; gain = 7.977 ; free physical = 1080 ; free virtual = 3831
---------------------------------------------------------------------------------
No constraint files found.
---------------------------------------------------------------------------------
Start Timing Optimization
---------------------------------------------------------------------------------
---------------------------------------------------------------------------------
Finished Timing Optimization : Time (s): cpu = 00:00:14 ; elapsed = 00:00:17 . Memory (MB): peak = 2435.312 ; gain = 7.977 ; free physical = 1078 ; free virtual = 3829
---------------------------------------------------------------------------------
---------------------------------------------------------------------------------
Start Technology Mapping
---------------------------------------------------------------------------------
---------------------------------------------------------------------------------
Finished Technology Mapping : Time (s): cpu = 00:00:14 ; elapsed = 00:00:18 . Memory (MB): peak = 2435.312 ; gain = 7.977 ; free physical = 1077 ; free virtual = 3829
---------------------------------------------------------------------------------
---------------------------------------------------------------------------------
Start IO Insertion
---------------------------------------------------------------------------------
---------------------------------------------------------------------------------
Start Flattening Before IO Insertion
---------------------------------------------------------------------------------
---------------------------------------------------------------------------------
Finished Flattening Before IO Insertion
---------------------------------------------------------------------------------
---------------------------------------------------------------------------------
Start Final Netlist Cleanup
---------------------------------------------------------------------------------
---------------------------------------------------------------------------------
Finished Final Netlist Cleanup
---------------------------------------------------------------------------------
---------------------------------------------------------------------------------
Finished IO Insertion : Time (s): cpu = 00:00:18 ; elapsed = 00:00:22 . Memory (MB): peak = 2435.312 ; gain = 7.977 ; free physical = 1078 ; free virtual = 3829
---------------------------------------------------------------------------------
---------------------------------------------------------------------------------
Start Renaming Generated Instances
---------------------------------------------------------------------------------
---------------------------------------------------------------------------------
Finished Renaming Generated Instances : Time (s): cpu = 00:00:18 ; elapsed = 00:00:22 . Memory (MB): peak = 2435.312 ; gain = 7.977 ; free physical = 1078 ; free virtual = 3829
---------------------------------------------------------------------------------
---------------------------------------------------------------------------------
Start Rebuilding User Hierarchy
---------------------------------------------------------------------------------
---------------------------------------------------------------------------------
Finished Rebuilding User Hierarchy : Time (s): cpu = 00:00:18 ; elapsed = 00:00:22 . Memory (MB): peak = 2435.312 ; gain = 7.977 ; free physical = 1078 ; free virtual = 3829
---------------------------------------------------------------------------------
---------------------------------------------------------------------------------
Start Renaming Generated Ports
---------------------------------------------------------------------------------
---------------------------------------------------------------------------------
Finished Renaming Generated Ports : Time (s): cpu = 00:00:18 ; elapsed = 00:00:22 . Memory (MB): peak = 2435.312 ; gain = 7.977 ; free physical = 1078 ; free virtual = 3829
---------------------------------------------------------------------------------
---------------------------------------------------------------------------------
Start Handling Custom Attributes
---------------------------------------------------------------------------------
---------------------------------------------------------------------------------
Finished Handling Custom Attributes : Time (s): cpu = 00:00:18 ; elapsed = 00:00:22 . Memory (MB): peak = 2435.312 ; gain = 7.977 ; free physical = 1078 ; free virtual = 3829
---------------------------------------------------------------------------------
---------------------------------------------------------------------------------
Start Renaming Generated Nets
---------------------------------------------------------------------------------
---------------------------------------------------------------------------------
Finished Renaming Generated Nets : Time (s): cpu = 00:00:18 ; elapsed = 00:00:22 . Memory (MB): peak = 2435.312 ; gain = 7.977 ; free physical = 1078 ; free virtual = 3829
---------------------------------------------------------------------------------
---------------------------------------------------------------------------------
Start Writing Synthesis Report
---------------------------------------------------------------------------------

Report BlackBoxes: 
+-+--------------+----------+
| |BlackBox name |Instances |
+-+--------------+----------+
+-+--------------+----------+

Report Cell Usage: 
+------+-------+------+
|      |Cell   |Count |
+------+-------+------+
|1     |CARRY4 |    10|
|2     |LUT1   |     4|
|3     |LUT2   |     3|
|4     |LUT3   |    30|
|5     |LUT4   |    28|
|6     |LUT5   |     2|
|7     |IBUF   |    32|
|8     |OBUF   |    64|
+------+-------+------+

Report Instance Areas: 
+------+---------+-------+------+
|      |Instance |Module |Cells |
+------+---------+-------+------+
|1     |top      |       |   173|
+------+---------+-------+------+
---------------------------------------------------------------------------------
Finished Writing Synthesis Report : Time (s): cpu = 00:00:18 ; elapsed = 00:00:22 . Memory (MB): peak = 2435.312 ; gain = 7.977 ; free physical = 1078 ; free virtual = 3829
---------------------------------------------------------------------------------
Synthesis finished with 0 errors, 0 critical warnings and 0 warnings.
Synthesis Optimization Runtime : Time (s): cpu = 00:00:18 ; elapsed = 00:00:22 . Memory (MB): peak = 2435.312 ; gain = 7.977 ; free physical = 1079 ; free virtual = 3830
Synthesis Optimization Complete : Time (s): cpu = 00:00:18 ; elapsed = 00:00:22 . Memory (MB): peak = 2435.320 ; gain = 7.977 ; free physical = 1079 ; free virtual = 3830
INFO: [Project 1-571] Translating synthesized netlist
Netlist sorting complete. Time (s): cpu = 00:00:00 ; elapsed = 00:00:00 . Memory (MB): peak = 2435.320 ; gain = 0.000 ; free physical = 1163 ; free virtual = 3914
INFO: [Netlist 29-17] Analyzing 10 Unisim elements for replacement
INFO: [Netlist 29-28] Unisim Transformation completed in 0 CPU seconds
INFO: [Project 1-570] Preparing netlist for logic optimization
INFO: [Opt 31-138] Pushed 0 inverter(s) to 0 load pin(s).
Netlist sorting complete. Time (s): cpu = 00:00:00 ; elapsed = 00:00:00 . Memory (MB): peak = 2459.324 ; gain = 0.000 ; free physical = 1072 ; free virtual = 3823
INFO: [Project 1-111] Unisim Transformation Summary:
No Unisim elements were transformed.

Synth Design complete, checksum: 6f990a87
INFO: [Common 17-83] Releasing license: Synthesis
14 Infos, 0 Warnings, 0 Critical Warnings and 0 Errors encountered.
synth_design completed successfully
synth_design: Time (s): cpu = 00:00:31 ; elapsed = 00:00:28 . Memory (MB): peak = 2459.324 ; gain = 32.016 ; free physical = 1223 ; free virtual = 3974
# report_timing_summary -report_unconstrained
INFO: [Timing 38-35] Done setting XDC timing constraints.
INFO: [Timing 38-91] UpdateTimingParams: Speed grade: -1, Delay Type: min_max.
INFO: [Timing 38-191] Multithreading enabled for timing update using a maximum of 4 CPUs
Copyright 1986-2021 Xilinx, Inc. All Rights Reserved.
------------------------------------------------------------------------------------
| Tool Version : Vivado v.2021.1 (lin64) Build 3247384 Thu Jun 10 19:36:07 MDT 2021
| Date         : Mon Aug  1 22:59:50 2022
| Host         : 79974d35c826 running 64-bit Ubuntu 20.04.4 LTS
| Command      : report_timing_summary -report_unconstrained
| Design       : constant_mult
| Device       : 7a100t-csg324
| Speed File   : -1  PRODUCTION 1.23 2018-06-13
------------------------------------------------------------------------------------

Timing Summary Report

------------------------------------------------------------------------------------------------
| Timer Settings
| --------------
------------------------------------------------------------------------------------------------

  Enable Multi Corner Analysis               :  Yes
  Enable Pessimism Removal                   :  Yes
  Pessimism Removal Resolution               :  Nearest Common Node
  Enable Input Delay Default Clock           :  No
  Enable Preset / Clear Arcs                 :  No
  Disable Flight Delays                      :  No
  Ignore I/O Paths                           :  No
  Timing Early Launch at Borrowing Latches   :  No
  Borrow Time for Max Delay Exceptions       :  Yes
  Merge Timing Exceptions                    :  Yes

  Corner  Analyze    Analyze    
  Name    Max Paths  Min Paths  
  ------  ---------  ---------  
  Slow    Yes        Yes        
  Fast    Yes        Yes        


------------------------------------------------------------------------------------------------
| Report Methodology
| ------------------
------------------------------------------------------------------------------------------------

No report available as report_methodology has not been run prior. Run report_methodology on the current design for the summary of methodology violations.



check_timing report

Table of Contents
-----------------
1. checking no_clock (0)
2. checking constant_clock (0)
3. checking pulse_width_clock (0)
4. checking unconstrained_internal_endpoints (0)
5. checking no_input_delay (0)
6. checking no_output_delay (0)
7. checking multiple_clock (0)
8. checking generated_clocks (0)
9. checking loops (0)
10. checking partial_input_delay (0)
11. checking partial_output_delay (0)
12. checking latch_loops (0)

1. checking no_clock (0)
------------------------
 There are 0 register/latch pins with no clock.


2. checking constant_clock (0)
------------------------------
 There are 0 register/latch pins with constant_clock.


3. checking pulse_width_clock (0)
---------------------------------
 There are 0 register/latch pins which need pulse_width check


4. checking unconstrained_internal_endpoints (0)
------------------------------------------------
 There are 0 pins that are not constrained for maximum delay.

 There are 0 pins that are not constrained for maximum delay due to constant clock.


5. checking no_input_delay (0)
------------------------------
 There are 0 input ports with no input delay specified.

 There are 0 input ports with no input delay but user has a false path constraint.


6. checking no_output_delay (0)
-------------------------------
 There are 0 ports with no output delay specified.

 There are 0 ports with no output delay but user has a false path constraint

 There are 0 ports with no output delay but with a timing clock defined on it or propagating through it


7. checking multiple_clock (0)
------------------------------
 There are 0 register/latch pins with multiple clocks.


8. checking generated_clocks (0)
--------------------------------
 There are 0 generated clocks that are not connected to a clock source.


9. checking loops (0)
---------------------
 There are 0 combinational loops in the design.


10. checking partial_input_delay (0)
------------------------------------
 There are 0 input ports with partial input delay specified.


11. checking partial_output_delay (0)
-------------------------------------
 There are 0 ports with partial output delay specified.


12. checking latch_loops (0)
----------------------------
 There are 0 combinational latch loops in the design through latch input



------------------------------------------------------------------------------------------------
| Design Timing Summary
| ---------------------
------------------------------------------------------------------------------------------------

    WNS(ns)      TNS(ns)  TNS Failing Endpoints  TNS Total Endpoints      WHS(ns)      THS(ns)  THS Failing Endpoints  THS Total Endpoints     WPWS(ns)     TPWS(ns)  TPWS Failing Endpoints  TPWS Total Endpoints  
    -------      -------  ---------------------  -------------------      -------      -------  ---------------------  -------------------     --------     --------  ----------------------  --------------------  
        inf        0.000                      0                   38          inf        0.000                      0                   38           NA           NA                      NA                    NA  


There are no user specified timing constraints.


------------------------------------------------------------------------------------------------
| Clock Summary
| -------------
------------------------------------------------------------------------------------------------


------------------------------------------------------------------------------------------------
| Intra Clock Table
| -----------------
------------------------------------------------------------------------------------------------

Clock             WNS(ns)      TNS(ns)  TNS Failing Endpoints  TNS Total Endpoints      WHS(ns)      THS(ns)  THS Failing Endpoints  THS Total Endpoints     WPWS(ns)     TPWS(ns)  TPWS Failing Endpoints  TPWS Total Endpoints  
-----             -------      -------  ---------------------  -------------------      -------      -------  ---------------------  -------------------     --------     --------  ----------------------  --------------------  


------------------------------------------------------------------------------------------------
| Inter Clock Table
| -----------------
------------------------------------------------------------------------------------------------

From Clock    To Clock          WNS(ns)      TNS(ns)  TNS Failing Endpoints  TNS Total Endpoints      WHS(ns)      THS(ns)  THS Failing Endpoints  THS Total Endpoints  
----------    --------          -------      -------  ---------------------  -------------------      -------      -------  ---------------------  -------------------  


------------------------------------------------------------------------------------------------
| Other Path Groups Table
| -----------------------
------------------------------------------------------------------------------------------------

Path Group    From Clock    To Clock          WNS(ns)      TNS(ns)  TNS Failing Endpoints  TNS Total Endpoints      WHS(ns)      THS(ns)  THS Failing Endpoints  THS Total Endpoints  
----------    ----------    --------          -------      -------  ---------------------  -------------------      -------      -------  ---------------------  -------------------  


------------------------------------------------------------------------------------------------
| User Ignored Path Table
| -----------------------
------------------------------------------------------------------------------------------------

Path Group    From Clock    To Clock    
----------    ----------    --------    


------------------------------------------------------------------------------------------------
| Unconstrained Path Table
| ------------------------
------------------------------------------------------------------------------------------------

Path Group    From Clock    To Clock    
----------    ----------    --------    
(none)                                    


------------------------------------------------------------------------------------------------
| Timing Details
| --------------
------------------------------------------------------------------------------------------------


--------------------------------------------------------------------------------------
Path Group:  (none)
From Clock:  
  To Clock:  

Max Delay            38 Endpoints
Min Delay            38 Endpoints
--------------------------------------------------------------------------------------


Max Delay Paths
--------------------------------------------------------------------------------------
Slack:                    inf
  Source:                 in[1]
                            (input port)
  Destination:            out[37]
                            (output port)
  Path Group:             (none)
  Path Type:              Max at Slow Process Corner
  Data Path Delay:        7.923ns  (logic 5.800ns (73.209%)  route 2.123ns (26.791%))
  Logic Levels:           13  (CARRY4=9 IBUF=1 LUT3=1 LUT4=1 OBUF=1)

    Location             Delay type                Incr(ns)  Path(ns)    Netlist Resource(s)
  -------------------------------------------------------------------    -------------------
                                                      0.000     0.000 r  in[1] (IN)
                         net (fo=0)                   0.000     0.000    in[1]
                         IBUF (Prop_ibuf_I_O)         0.971     0.971 r  in_IBUF[1]_inst/O
                         net (fo=5, unplaced)         0.803     1.774    in_IBUF[1]
                         LUT3 (Prop_lut3_I1_O)        0.153     1.927 r  out_OBUF[7]_inst_i_2/O
                         net (fo=2, unplaced)         0.517     2.444    out_OBUF[7]_inst_i_2_n_0
                         LUT4 (Prop_lut4_I3_O)        0.331     2.775 r  out_OBUF[7]_inst_i_6/O
                         net (fo=1, unplaced)         0.000     2.775    out_OBUF[7]_inst_i_6_n_0
                         CARRY4 (Prop_carry4_S[3]_CO[3])
                                                      0.376     3.151 r  out_OBUF[7]_inst_i_1/CO[3]
                         net (fo=1, unplaced)         0.000     3.151    out_OBUF[7]_inst_i_1_n_0
                         CARRY4 (Prop_carry4_CI_CO[3])
                                                      0.117     3.268 r  out_OBUF[11]_inst_i_1/CO[3]
                         net (fo=1, unplaced)         0.000     3.268    out_OBUF[11]_inst_i_1_n_0
                         CARRY4 (Prop_carry4_CI_CO[3])
                                                      0.117     3.385 r  out_OBUF[15]_inst_i_1/CO[3]
                         net (fo=1, unplaced)         0.000     3.385    out_OBUF[15]_inst_i_1_n_0
                         CARRY4 (Prop_carry4_CI_CO[3])
                                                      0.117     3.502 r  out_OBUF[19]_inst_i_1/CO[3]
                         net (fo=1, unplaced)         0.000     3.502    out_OBUF[19]_inst_i_1_n_0
                         CARRY4 (Prop_carry4_CI_CO[3])
                                                      0.117     3.619 r  out_OBUF[23]_inst_i_1/CO[3]
                         net (fo=1, unplaced)         0.000     3.619    out_OBUF[23]_inst_i_1_n_0
                         CARRY4 (Prop_carry4_CI_CO[3])
                                                      0.117     3.736 r  out_OBUF[27]_inst_i_1/CO[3]
                         net (fo=1, unplaced)         0.000     3.736    out_OBUF[27]_inst_i_1_n_0
                         CARRY4 (Prop_carry4_CI_CO[3])
                                                      0.117     3.853 r  out_OBUF[31]_inst_i_1/CO[3]
                         net (fo=1, unplaced)         0.000     3.853    out_OBUF[31]_inst_i_1_n_0
                         CARRY4 (Prop_carry4_CI_CO[3])
                                                      0.117     3.970 r  out_OBUF[35]_inst_i_1/CO[3]
                         net (fo=1, unplaced)         0.000     3.970    out_OBUF[35]_inst_i_1_n_0
                         CARRY4 (Prop_carry4_CI_O[1])
                                                      0.337     4.307 r  out_OBUF[37]_inst_i_1/O[1]
                         net (fo=1, unplaced)         0.803     5.110    out_OBUF[37]
                         OBUF (Prop_obuf_I_O)         2.813     7.923 r  out_OBUF[37]_inst/O
                         net (fo=0)                   0.000     7.923    out[37]
                                                                      r  out[37] (OUT)
  -------------------------------------------------------------------    -------------------





Min Delay Paths
--------------------------------------------------------------------------------------
Slack:                    inf
  Source:                 in[31]
                            (input port)
  Destination:            out[37]
                            (output port)
  Path Group:             (none)
  Path Type:              Min at Fast Process Corner
  Data Path Delay:        2.182ns  (logic 1.505ns (68.979%)  route 0.677ns (31.021%))
  Logic Levels:           3  (CARRY4=1 IBUF=1 OBUF=1)

    Location             Delay type                Incr(ns)  Path(ns)    Netlist Resource(s)
  -------------------------------------------------------------------    -------------------
                                                      0.000     0.000 r  in[31] (IN)
                         net (fo=0)                   0.000     0.000    in[31]
                         IBUF (Prop_ibuf_I_O)         0.200     0.200 r  in_IBUF[31]_inst/O
                         net (fo=7, unplaced)         0.338     0.539    in_IBUF[31]
                         CARRY4 (Prop_carry4_DI[0]_O[1])
                                                      0.092     0.631 r  out_OBUF[37]_inst_i_1/O[1]
                         net (fo=1, unplaced)         0.338     0.969    out_OBUF[37]
                         OBUF (Prop_obuf_I_O)         1.213     2.182 r  out_OBUF[37]_inst/O
                         net (fo=0)                   0.000     2.182    out[37]
                                                                      r  out[37] (OUT)
  -------------------------------------------------------------------    -------------------





report_timing_summary: Time (s): cpu = 00:00:09 ; elapsed = 00:00:10 . Memory (MB): peak = 2616.152 ; gain = 156.828 ; free physical = 850 ; free virtual = 3602
# write_verilog -force constant_mult_gates.sv
# quit
INFO: [Common 17-206] Exiting Vivado at Mon Aug  1 22:59:51 2022...
